2020/06/28 13:56:42 Starting OSGeo4W install, version 2.579
2020/06/28 13:56:42 using locales .1252
2020/06/28 13:56:42 Current Directory: C:\Users\BOVICT~1\AppData\Local\Temp
2020/06/28 13:56:42 Root Directory: C:\OSGeo4W64
2020/06/28 13:56:42 Could not open service McShield for query, start and stop. McAfee may not be installed, or we don't have access.
2020/06/28 13:56:49 source: network install
2020/06/28 13:57:04 mbox note: The install directory must be absolute, with both a drive letter and leading slash, like C:\OSGeo4W
2020/06/28 13:57:18 root: d:\gdal
2020/06/28 13:57:20 Selected local directory: C:\Users\BOVICT~1\AppData\Local\Temp
2020/06/28 13:57:20 Menu name: OSGeo4W
2020/06/28 13:57:21 net: Direct
2020/06/28 13:57:23 site: http://download.osgeo.org/osgeo4w/
2020/06/28 13:57:24 io_stream_cygfile: fopen(/etc/setup/installed.db) failed 2 No such file or directory
2020/06/28 13:57:24 io_stream_cygfile: fopen(/etc/setup/timestamp) failed 2 No such file or directory
2020/06/28 14:01:28 Adding required dependency curl: Selecting version 7.67.0-1 for installation.
2020/06/28 14:01:28 Adding required dependency curl-ca-bundle: Selecting version 20191119-1 for installation.
2020/06/28 14:01:28 Adding required dependency expat: Selecting version 2.1.0-1 for installation.
2020/06/28 14:01:28 Adding required dependency freexl: Selecting version 1.0.2-1 for installation.
2020/06/28 14:01:28 Adding required dependency geos: Selecting version 3.8.1-1 for installation.
2020/06/28 14:01:28 Adding required dependency hdf4: Selecting version 4.2.14-1 for installation.
2020/06/28 14:01:28 Adding required dependency hdf5: Selecting version 1.10.4-1 for installation.
2020/06/28 14:01:28 Adding required dependency iconv: Selecting version 1.14-1 for installation.
2020/06/28 14:01:28 Adding required dependency iconv-vc14: Selecting version 1.15-1 for installation.
2020/06/28 14:01:28 Adding required dependency libjpeg: Selecting version 6b-4 for installation.
2020/06/28 14:01:28 Adding required dependency libjpeg12: Selecting version 6b-4 for installation.
2020/06/28 14:01:28 Adding required dependency liblwgeom: Selecting version 3.0.0-2 for installation.
2020/06/28 14:01:28 Adding required dependency libmysql: Selecting version 6.1.9-1 for installation.
2020/06/28 14:01:28 Adding required dependency libpng: Selecting version 1.6.3-1 for installation.
2020/06/28 14:01:28 Adding required dependency libpng-vc14: Selecting version 1.6.29-1 for installation.
2020/06/28 14:01:28 Adding required dependency libpq: Selecting version 11.5-1 for installation.
2020/06/28 14:01:28 Adding required dependency libtiff: Selecting version 4.0.8-1 for installation.
2020/06/28 14:01:28 Adding required dependency libxml2: Selecting version 2.9.1-1 for installation.
2020/06/28 14:01:28 Adding required dependency msvc2015: Selecting version 1.0.0-1 for installation.
2020/06/28 14:01:28 Adding required dependency msvcrt: Selecting version 1.0.3-1 for installation.
2020/06/28 14:01:28 Adding required dependency msvcrt2008: Selecting version 1.0.0-1 for installation.
2020/06/28 14:01:28 Adding required dependency msvcrt2010: Selecting version 1.0.0-2 for installation.
2020/06/28 14:01:28 Adding required dependency msvcrt2015: Selecting version 1.0-2 for installation.
2020/06/28 14:01:28 Adding required dependency netcdf: Selecting version 4.7.3-1 for installation.
2020/06/28 14:01:28 Adding required dependency ogdi: Selecting version 4.1.0-1 for installation.
2020/06/28 14:01:28 Adding required dependency openjpeg: Selecting version 2.3.0-1 for installation.
2020/06/28 14:01:28 Adding required dependency openssl: Selecting version 1.1.1d-2 for installation.
2020/06/28 14:01:28 Adding required dependency openssl10: Selecting version 1.0.2j-1 for installation.
2020/06/28 14:01:28 Adding required dependency proj: Selecting version 6.3.2-1 for installation.
2020/06/28 14:01:28 Adding required dependency proj-datumgrid: Selecting version 1.8-1 for installation.
2020/06/28 14:01:28 Adding required dependency proj-dev: Selecting version 7.1.0-75 for installation.
2020/06/28 14:01:28 Adding required dependency proj-dev-data: Selecting version 1.1-20 for installation.
2020/06/28 14:01:28 Adding required dependency proj-hpgn: Selecting version 1.0-1 for installation.
2020/06/28 14:01:28 Adding required dependency setup: Selecting version 1.0.7-16 for installation.
2020/06/28 14:01:28 Adding required dependency shell: Selecting version 1.0.2-4 for installation.
2020/06/28 14:01:28 Adding required dependency spatialite: Selecting version 4.3.0a-6 for installation.
2020/06/28 14:01:28 Adding required dependency sqlite3: Selecting version 3.29.0-1 for installation.
2020/06/28 14:01:28 Adding required dependency szip: Selecting version 2.1.1-1 for installation.
2020/06/28 14:01:28 Adding required dependency xerces-c: Selecting version 3.2.0-1 for installation.
2020/06/28 14:01:28 Adding required dependency xz: Selecting version 5.2.3-1 for installation.
2020/06/28 14:01:28 Adding required dependency zlib: Selecting version 1.2.8-1 for installation.
2020/06/28 14:01:28 Adding required dependency zstd: Selecting version 1.4.4-1 for installation.
2020/06/28 14:01:31 License file://C:\Users\BOVICT~1\AppData\Local\Temp/http%3a%2f%2fdownload.osgeo.org%2fosgeo4w%2f/x86_64/release/hdf4/hdf4-4.2.14-1.txt successfully loaded.
2020/06/28 14:01:36 License file://C:\Users\BOVICT~1\AppData\Local\Temp/http%3a%2f%2fdownload.osgeo.org%2fosgeo4w%2f/x86_64/release/hdf5/hdf5-1.10.4-1.txt successfully loaded.
2020/06/28 14:01:39 License file://C:\Users\BOVICT~1\AppData\Local\Temp/http%3a%2f%2fdownload.osgeo.org%2fosgeo4w%2f/x86_64/release/netcdf/netcdf-4.7.3-1.txt successfully loaded.
2020/06/28 14:01:43 License file://C:\Users\BOVICT~1\AppData\Local\Temp/http%3a%2f%2fdownload.osgeo.org%2fosgeo4w%2f/x86_64/release/szip/szip-2.1.1-1.txt successfully loaded.
2020/06/28 14:01:48 Downloaded C:\Users\BOVICT~1\AppData\Local\Temp/http%3a%2f%2fdownload.osgeo.org%2fosgeo4w%2f/x86_64/release/curl/curl-7.67.0-1.tar.bz2
2020/06/28 14:01:49 Downloaded C:\Users\BOVICT~1\AppData\Local\Temp/http%3a%2f%2fdownload.osgeo.org%2fosgeo4w%2f/x86_64/release/curl/curl-ca-bundle/curl-ca-bundle-20191119-1.tar.bz2
2020/06/28 14:01:50 Downloaded C:\Users\BOVICT~1\AppData\Local\Temp/http%3a%2f%2fdownload.osgeo.org%2fosgeo4w%2f/x86_64/release/expat/expat-2.1.0-1.tar.bz2
2020/06/28 14:01:51 Downloaded C:\Users\BOVICT~1\AppData\Local\Temp/http%3a%2f%2fdownload.osgeo.org%2fosgeo4w%2f/x86_64/release/freexl/freexl-1.0.2-1.tar.bz2
2020/06/28 14:01:59 Downloaded C:\Users\BOVICT~1\AppData\Local\Temp/http%3a%2f%2fdownload.osgeo.org%2fosgeo4w%2f/x86_64/release/gdal/gdal-dev/gdal-dev-3.2.0-58.tar.bz2
2020/06/28 14:02:01 Downloaded C:\Users\BOVICT~1\AppData\Local\Temp/http%3a%2f%2fdownload.osgeo.org%2fosgeo4w%2f/x86_64/release/geos/geos-3.8.1-1.tar.bz2
2020/06/28 14:02:02 Downloaded C:\Users\BOVICT~1\AppData\Local\Temp/http%3a%2f%2fdownload.osgeo.org%2fosgeo4w%2f/x86_64/release/hdf4/hdf4-4.2.14-1.tar.bz2
2020/06/28 14:02:15 Downloaded C:\Users\BOVICT~1\AppData\Local\Temp/http%3a%2f%2fdownload.osgeo.org%2fosgeo4w%2f/x86_64/release/hdf5/hdf5-1.10.4-1.tar.bz2
2020/06/28 14:02:17 Downloaded C:\Users\BOVICT~1\AppData\Local\Temp/http%3a%2f%2fdownload.osgeo.org%2fosgeo4w%2f/x86_64/release/iconv/iconv-1.14-1.tar.bz2
2020/06/28 14:02:18 Downloaded C:\Users\BOVICT~1\AppData\Local\Temp/http%3a%2f%2fdownload.osgeo.org%2fosgeo4w%2f/x86_64/release/iconv-vc14/iconv-vc14-1.15-1.tar.bz2
2020/06/28 14:02:19 Downloaded C:\Users\BOVICT~1\AppData\Local\Temp/http%3a%2f%2fdownload.osgeo.org%2fosgeo4w%2f/x86_64/release/libjpeg/libjpeg/libjpeg-6b-4.tar.bz2
2020/06/28 14:02:20 Downloaded C:\Users\BOVICT~1\AppData\Local\Temp/http%3a%2f%2fdownload.osgeo.org%2fosgeo4w%2f/x86_64/release/libjpeg/libjpeg12/libjpeg12-6b-4.tar.bz2
2020/06/28 14:02:22 Downloaded C:\Users\BOVICT~1\AppData\Local\Temp/http%3a%2f%2fdownload.osgeo.org%2fosgeo4w%2f/x86_64/release/liblwgeom/liblwgeom-3.0.0-2.tar.bz2
2020/06/28 14:02:25 Downloaded C:\Users\BOVICT~1\AppData\Local\Temp/http%3a%2f%2fdownload.osgeo.org%2fosgeo4w%2f/x86_64/release/libmysql/libmysql-6.1.9-1.tar.bz2
2020/06/28 14:02:26 Downloaded C:\Users\BOVICT~1\AppData\Local\Temp/http%3a%2f%2fdownload.osgeo.org%2fosgeo4w%2f/x86_64/release/libpng/libpng-1.6.3-1.tar.bz2
2020/06/28 14:02:27 Downloaded C:\Users\BOVICT~1\AppData\Local\Temp/http%3a%2f%2fdownload.osgeo.org%2fosgeo4w%2f/x86_64/release/libpng-vc14/libpng-vc14-1.6.29-1.tar.bz2
2020/06/28 14:02:28 Downloaded C:\Users\BOVICT~1\AppData\Local\Temp/http%3a%2f%2fdownload.osgeo.org%2fosgeo4w%2f/x86_64/release/libpq/libpq-11.5-1.tar.bz2
2020/06/28 14:02:30 Downloaded C:\Users\BOVICT~1\AppData\Local\Temp/http%3a%2f%2fdownload.osgeo.org%2fosgeo4w%2f/x86_64/release/libtiff/libtiff-4.0.8-1.tar.bz2
2020/06/28 14:02:32 Downloaded C:\Users\BOVICT~1\AppData\Local\Temp/http%3a%2f%2fdownload.osgeo.org%2fosgeo4w%2f/x86_64/release/libxml2/libxml2-2.9.1-1.tar.bz2
2020/06/28 14:02:33 Downloaded C:\Users\BOVICT~1\AppData\Local\Temp/http%3a%2f%2fdownload.osgeo.org%2fosgeo4w%2f/x86_64/release/_obsolete/msvc2015/msvc2015-1.0.0-1.tar.bz2
2020/06/28 14:02:35 Downloaded C:\Users\BOVICT~1\AppData\Local\Temp/http%3a%2f%2fdownload.osgeo.org%2fosgeo4w%2f/x86_64/release/msvcrt/msvcrt-1.0.3-1.tar.bz2
2020/06/28 14:02:40 Downloaded C:\Users\BOVICT~1\AppData\Local\Temp/http%3a%2f%2fdownload.osgeo.org%2fosgeo4w%2f/x86_64/release/msvcrt/msvcrt2008/msvcrt2008-1.0.0-1.tar.bz2
2020/06/28 14:02:44 Downloaded C:\Users\BOVICT~1\AppData\Local\Temp/http%3a%2f%2fdownload.osgeo.org%2fosgeo4w%2f/x86_64/release/msvcrt/msvcrt2010/msvcrt2010-1.0.0-2.tar.bz2
2020/06/28 14:02:56 Downloaded C:\Users\BOVICT~1\AppData\Local\Temp/http%3a%2f%2fdownload.osgeo.org%2fosgeo4w%2f/x86_64/release/msvcrt/msvcrt2015/msvcrt2015-1.0-2.tar.bz2
2020/06/28 14:02:57 Downloaded C:\Users\BOVICT~1\AppData\Local\Temp/http%3a%2f%2fdownload.osgeo.org%2fosgeo4w%2f/x86_64/release/netcdf/netcdf-4.7.3-1.tar.bz2
2020/06/28 14:02:58 Downloaded C:\Users\BOVICT~1\AppData\Local\Temp/http%3a%2f%2fdownload.osgeo.org%2fosgeo4w%2f/x86_64/release/ogdi/ogdi-4.1.0-1.tar.bz2
2020/06/28 14:02:59 Downloaded C:\Users\BOVICT~1\AppData\Local\Temp/http%3a%2f%2fdownload.osgeo.org%2fosgeo4w%2f/x86_64/release/openjpeg/openjpeg-2.3.0-1.tar.bz2
2020/06/28 14:03:02 Downloaded C:\Users\BOVICT~1\AppData\Local\Temp/http%3a%2f%2fdownload.osgeo.org%2fosgeo4w%2f/x86_64/release/openssl/openssl-1.1.1d-2.tar.bz2
2020/06/28 14:03:04 Downloaded C:\Users\BOVICT~1\AppData\Local\Temp/http%3a%2f%2fdownload.osgeo.org%2fosgeo4w%2f/x86_64/release/openssl/openssl10/openssl10-1.0.2j-1.tar.bz2
2020/06/28 14:03:08 Downloaded C:\Users\BOVICT~1\AppData\Local\Temp/http%3a%2f%2fdownload.osgeo.org%2fosgeo4w%2f/x86_64/release/proj/proj-6.3.2-1.tar.bz2
2020/06/28 14:03:15 Downloaded C:\Users\BOVICT~1\AppData\Local\Temp/http%3a%2f%2fdownload.osgeo.org%2fosgeo4w%2f/x86_64/release/proj/proj-datumgrid/proj-datumgrid-1.8-1.tar.bz2
2020/06/28 14:03:20 Downloaded C:\Users\BOVICT~1\AppData\Local\Temp/http%3a%2f%2fdownload.osgeo.org%2fosgeo4w%2f/x86_64/release/proj/proj-dev/proj-dev-7.1.0-75.tar.bz2
2020/06/28 14:07:05 Downloaded C:\Users\BOVICT~1\AppData\Local\Temp/http%3a%2f%2fdownload.osgeo.org%2fosgeo4w%2f/x86_64/release/proj/proj-dev-data/proj-dev-data-1.1-20.tar.bz2
2020/06/28 14:07:06 Downloaded C:\Users\BOVICT~1\AppData\Local\Temp/http%3a%2f%2fdownload.osgeo.org%2fosgeo4w%2f/x86_64/release/proj/proj-hpgn/proj-hpgn-1.0-1.tar.bz2
2020/06/28 14:07:07 Downloaded C:\Users\BOVICT~1\AppData\Local\Temp/http%3a%2f%2fdownload.osgeo.org%2fosgeo4w%2f/x86_64/release/setup/setup-1.0.7-16.tar.bz2
2020/06/28 14:07:08 Downloaded C:\Users\BOVICT~1\AppData\Local\Temp/http%3a%2f%2fdownload.osgeo.org%2fosgeo4w%2f/x86_64/release/shell/shell-1.0.2-4.tar.bz2
2020/06/28 14:07:15 Downloaded C:\Users\BOVICT~1\AppData\Local\Temp/http%3a%2f%2fdownload.osgeo.org%2fosgeo4w%2f/x86_64/release/spatialite/spatialite-4.3.0a-6.tar.bz2
2020/06/28 14:07:17 Downloaded C:\Users\BOVICT~1\AppData\Local\Temp/http%3a%2f%2fdownload.osgeo.org%2fosgeo4w%2f/x86_64/release/sqlite3/sqlite3-3.29.0-1.tar.bz2
2020/06/28 14:07:17 Downloaded C:\Users\BOVICT~1\AppData\Local\Temp/http%3a%2f%2fdownload.osgeo.org%2fosgeo4w%2f/x86_64/release/szip/szip-2.1.1-1.tar.bz2
2020/06/28 14:07:19 Downloaded C:\Users\BOVICT~1\AppData\Local\Temp/http%3a%2f%2fdownload.osgeo.org%2fosgeo4w%2f/x86_64/release/xerces-c/xerces-c-3.2.0-1.tar.bz2
2020/06/28 14:07:20 Downloaded C:\Users\BOVICT~1\AppData\Local\Temp/http%3a%2f%2fdownload.osgeo.org%2fosgeo4w%2f/x86_64/release/xz/xz-5.2.3-1.tar.bz2
2020/06/28 14:07:21 Downloaded C:\Users\BOVICT~1\AppData\Local\Temp/http%3a%2f%2fdownload.osgeo.org%2fosgeo4w%2f/x86_64/release/zlib/zlib-1.2.8-1.tar.bz2
2020/06/28 14:07:22 Downloaded C:\Users\BOVICT~1\AppData\Local\Temp/http%3a%2f%2fdownload.osgeo.org%2fosgeo4w%2f/x86_64/release/zstd/zstd-1.4.4-1.tar.bz2
2020/06/28 14:07:37 Extracting from file://C:\Users\BOVICT~1\AppData\Local\Temp/http%3a%2f%2fdownload.osgeo.org%2fosgeo4w%2f/x86_64/release/curl/curl-7.67.0-1.tar.bz2
2020/06/28 14:07:37 Extracting from file://C:\Users\BOVICT~1\AppData\Local\Temp/http%3a%2f%2fdownload.osgeo.org%2fosgeo4w%2f/x86_64/release/curl/curl-ca-bundle/curl-ca-bundle-20191119-1.tar.bz2
2020/06/28 14:07:37 Extracting from file://C:\Users\BOVICT~1\AppData\Local\Temp/http%3a%2f%2fdownload.osgeo.org%2fosgeo4w%2f/x86_64/release/expat/expat-2.1.0-1.tar.bz2
2020/06/28 14:07:37 Extracting from file://C:\Users\BOVICT~1\AppData\Local\Temp/http%3a%2f%2fdownload.osgeo.org%2fosgeo4w%2f/x86_64/release/freexl/freexl-1.0.2-1.tar.bz2
2020/06/28 14:07:37 Extracting from file://C:\Users\BOVICT~1\AppData\Local\Temp/http%3a%2f%2fdownload.osgeo.org%2fosgeo4w%2f/x86_64/release/gdal/gdal-dev/gdal-dev-3.2.0-58.tar.bz2
2020/06/28 14:07:39 Extracting from file://C:\Users\BOVICT~1\AppData\Local\Temp/http%3a%2f%2fdownload.osgeo.org%2fosgeo4w%2f/x86_64/release/geos/geos-3.8.1-1.tar.bz2
2020/06/28 14:07:39 Extracting from file://C:\Users\BOVICT~1\AppData\Local\Temp/http%3a%2f%2fdownload.osgeo.org%2fosgeo4w%2f/x86_64/release/hdf4/hdf4-4.2.14-1.tar.bz2
2020/06/28 14:07:39 Extracting from file://C:\Users\BOVICT~1\AppData\Local\Temp/http%3a%2f%2fdownload.osgeo.org%2fosgeo4w%2f/x86_64/release/hdf5/hdf5-1.10.4-1.tar.bz2
2020/06/28 14:07:42 Extracting from file://C:\Users\BOVICT~1\AppData\Local\Temp/http%3a%2f%2fdownload.osgeo.org%2fosgeo4w%2f/x86_64/release/iconv/iconv-1.14-1.tar.bz2
2020/06/28 14:07:42 Extracting from file://C:\Users\BOVICT~1\AppData\Local\Temp/http%3a%2f%2fdownload.osgeo.org%2fosgeo4w%2f/x86_64/release/iconv-vc14/iconv-vc14-1.15-1.tar.bz2
2020/06/28 14:07:42 Extracting from file://C:\Users\BOVICT~1\AppData\Local\Temp/http%3a%2f%2fdownload.osgeo.org%2fosgeo4w%2f/x86_64/release/libjpeg/libjpeg/libjpeg-6b-4.tar.bz2
2020/06/28 14:07:42 Extracting from file://C:\Users\BOVICT~1\AppData\Local\Temp/http%3a%2f%2fdownload.osgeo.org%2fosgeo4w%2f/x86_64/release/libjpeg/libjpeg12/libjpeg12-6b-4.tar.bz2
2020/06/28 14:07:42 Extracting from file://C:\Users\BOVICT~1\AppData\Local\Temp/http%3a%2f%2fdownload.osgeo.org%2fosgeo4w%2f/x86_64/release/liblwgeom/liblwgeom-3.0.0-2.tar.bz2
2020/06/28 14:07:42 Extracting from file://C:\Users\BOVICT~1\AppData\Local\Temp/http%3a%2f%2fdownload.osgeo.org%2fosgeo4w%2f/x86_64/release/libmysql/libmysql-6.1.9-1.tar.bz2
2020/06/28 14:07:42 Extracting from file://C:\Users\BOVICT~1\AppData\Local\Temp/http%3a%2f%2fdownload.osgeo.org%2fosgeo4w%2f/x86_64/release/libpng/libpng-1.6.3-1.tar.bz2
2020/06/28 14:07:42 Extracting from file://C:\Users\BOVICT~1\AppData\Local\Temp/http%3a%2f%2fdownload.osgeo.org%2fosgeo4w%2f/x86_64/release/libpng-vc14/libpng-vc14-1.6.29-1.tar.bz2
2020/06/28 14:07:42 Extracting from file://C:\Users\BOVICT~1\AppData\Local\Temp/http%3a%2f%2fdownload.osgeo.org%2fosgeo4w%2f/x86_64/release/libpq/libpq-11.5-1.tar.bz2
2020/06/28 14:07:43 Extracting from file://C:\Users\BOVICT~1\AppData\Local\Temp/http%3a%2f%2fdownload.osgeo.org%2fosgeo4w%2f/x86_64/release/libtiff/libtiff-4.0.8-1.tar.bz2
2020/06/28 14:07:43 Extracting from file://C:\Users\BOVICT~1\AppData\Local\Temp/http%3a%2f%2fdownload.osgeo.org%2fosgeo4w%2f/x86_64/release/libxml2/libxml2-2.9.1-1.tar.bz2
2020/06/28 14:07:43 Extracting from file://C:\Users\BOVICT~1\AppData\Local\Temp/http%3a%2f%2fdownload.osgeo.org%2fosgeo4w%2f/x86_64/release/_obsolete/msvc2015/msvc2015-1.0.0-1.tar.bz2
2020/06/28 14:07:43 Extracting from file://C:\Users\BOVICT~1\AppData\Local\Temp/http%3a%2f%2fdownload.osgeo.org%2fosgeo4w%2f/x86_64/release/msvcrt/msvcrt-1.0.3-1.tar.bz2
2020/06/28 14:07:43 Extracting from file://C:\Users\BOVICT~1\AppData\Local\Temp/http%3a%2f%2fdownload.osgeo.org%2fosgeo4w%2f/x86_64/release/msvcrt/msvcrt2008/msvcrt2008-1.0.0-1.tar.bz2
2020/06/28 14:07:43 Extracting from file://C:\Users\BOVICT~1\AppData\Local\Temp/http%3a%2f%2fdownload.osgeo.org%2fosgeo4w%2f/x86_64/release/msvcrt/msvcrt2010/msvcrt2010-1.0.0-2.tar.bz2
2020/06/28 14:07:44 Extracting from file://C:\Users\BOVICT~1\AppData\Local\Temp/http%3a%2f%2fdownload.osgeo.org%2fosgeo4w%2f/x86_64/release/msvcrt/msvcrt2015/msvcrt2015-1.0-2.tar.bz2
2020/06/28 14:07:45 Extracting from file://C:\Users\BOVICT~1\AppData\Local\Temp/http%3a%2f%2fdownload.osgeo.org%2fosgeo4w%2f/x86_64/release/netcdf/netcdf-4.7.3-1.tar.bz2
2020/06/28 14:07:45 Extracting from file://C:\Users\BOVICT~1\AppData\Local\Temp/http%3a%2f%2fdownload.osgeo.org%2fosgeo4w%2f/x86_64/release/ogdi/ogdi-4.1.0-1.tar.bz2
2020/06/28 14:07:45 Extracting from file://C:\Users\BOVICT~1\AppData\Local\Temp/http%3a%2f%2fdownload.osgeo.org%2fosgeo4w%2f/x86_64/release/openjpeg/openjpeg-2.3.0-1.tar.bz2
2020/06/28 14:07:45 Extracting from file://C:\Users\BOVICT~1\AppData\Local\Temp/http%3a%2f%2fdownload.osgeo.org%2fosgeo4w%2f/x86_64/release/openssl/openssl-1.1.1d-2.tar.bz2
2020/06/28 14:07:45 Extracting from file://C:\Users\BOVICT~1\AppData\Local\Temp/http%3a%2f%2fdownload.osgeo.org%2fosgeo4w%2f/x86_64/release/openssl/openssl10/openssl10-1.0.2j-1.tar.bz2
2020/06/28 14:07:45 Extracting from file://C:\Users\BOVICT~1\AppData\Local\Temp/http%3a%2f%2fdownload.osgeo.org%2fosgeo4w%2f/x86_64/release/proj/proj-6.3.2-1.tar.bz2
2020/06/28 14:07:46 Extracting from file://C:\Users\BOVICT~1\AppData\Local\Temp/http%3a%2f%2fdownload.osgeo.org%2fosgeo4w%2f/x86_64/release/proj/proj-datumgrid/proj-datumgrid-1.8-1.tar.bz2
2020/06/28 14:07:46 Extracting from file://C:\Users\BOVICT~1\AppData\Local\Temp/http%3a%2f%2fdownload.osgeo.org%2fosgeo4w%2f/x86_64/release/proj/proj-dev/proj-dev-7.1.0-75.tar.bz2
2020/06/28 14:07:47 Extracting from file://C:\Users\BOVICT~1\AppData\Local\Temp/http%3a%2f%2fdownload.osgeo.org%2fosgeo4w%2f/x86_64/release/proj/proj-dev-data/proj-dev-data-1.1-20.tar.bz2
2020/06/28 14:08:23 Extracting from file://C:\Users\BOVICT~1\AppData\Local\Temp/http%3a%2f%2fdownload.osgeo.org%2fosgeo4w%2f/x86_64/release/proj/proj-hpgn/proj-hpgn-1.0-1.tar.bz2
2020/06/28 14:08:23 Extracting from file://C:\Users\BOVICT~1\AppData\Local\Temp/http%3a%2f%2fdownload.osgeo.org%2fosgeo4w%2f/x86_64/release/setup/setup-1.0.7-16.tar.bz2
2020/06/28 14:08:23 Extracting from file://C:\Users\BOVICT~1\AppData\Local\Temp/http%3a%2f%2fdownload.osgeo.org%2fosgeo4w%2f/x86_64/release/shell/shell-1.0.2-4.tar.bz2
2020/06/28 14:08:23 Extracting from file://C:\Users\BOVICT~1\AppData\Local\Temp/http%3a%2f%2fdownload.osgeo.org%2fosgeo4w%2f/x86_64/release/spatialite/spatialite-4.3.0a-6.tar.bz2
2020/06/28 14:08:24 Extracting from file://C:\Users\BOVICT~1\AppData\Local\Temp/http%3a%2f%2fdownload.osgeo.org%2fosgeo4w%2f/x86_64/release/sqlite3/sqlite3-3.29.0-1.tar.bz2
2020/06/28 14:08:24 Extracting from file://C:\Users\BOVICT~1\AppData\Local\Temp/http%3a%2f%2fdownload.osgeo.org%2fosgeo4w%2f/x86_64/release/szip/szip-2.1.1-1.tar.bz2
2020/06/28 14:08:24 Extracting from file://C:\Users\BOVICT~1\AppData\Local\Temp/http%3a%2f%2fdownload.osgeo.org%2fosgeo4w%2f/x86_64/release/xerces-c/xerces-c-3.2.0-1.tar.bz2
2020/06/28 14:08:24 Extracting from file://C:\Users\BOVICT~1\AppData\Local\Temp/http%3a%2f%2fdownload.osgeo.org%2fosgeo4w%2f/x86_64/release/xz/xz-5.2.3-1.tar.bz2
2020/06/28 14:08:24 Extracting from file://C:\Users\BOVICT~1\AppData\Local\Temp/http%3a%2f%2fdownload.osgeo.org%2fosgeo4w%2f/x86_64/release/zlib/zlib-1.2.8-1.tar.bz2
2020/06/28 14:08:24 Extracting from file://C:\Users\BOVICT~1\AppData\Local\Temp/http%3a%2f%2fdownload.osgeo.org%2fosgeo4w%2f/x86_64/release/zstd/zstd-1.4.4-1.tar.bz2
2020/06/28 14:08:24 running: cmd.exe /c "d:\gdal\\etc\postinstall\msvcrt-2008.bat"
2020/06/28 14:08:27 running: cmd.exe /c "d:\gdal\\etc\postinstall\msvcrt-2010.bat"
2020/06/28 14:08:31 running: cmd.exe /c "d:\gdal\\etc\postinstall\msvcrt2015.bat"
2020/06/28 14:08:32 running: cmd.exe /c "d:\gdal\\etc\postinstall\openssl10.bat"
2020/06/28 14:08:32 running: cmd.exe /c "d:\gdal\\etc\postinstall\openssl.bat"
2020/06/28 14:08:32 running: cmd.exe /c "d:\gdal\\etc\postinstall\setup.bat"
2020/06/28 14:08:32 running: cmd.exe /c "d:\gdal\\etc\postinstall\shell.bat"
2020/06/28 14:08:32 running: cmd.exe /c "d:\gdal\\etc\postinstall\netcdf.bat"
2020/07/06 10:06:15 note: Installation Complete
2020/07/06 10:06:15 Ending OSGeo4W install
